app/build/intermediates/manifest_merge_blame_file/release/manifest-merger-blame-release-report.txt
1<?xml version="1.0" encoding="utf-8"?>
2<manifest xmlns:android="http://schemas.android.com/apk/res/android"
3    package="driod.dicex"
4    android:versionCode="24"
5    android:versionName="2.5.0" >
6
7    <uses-sdk
7-->src\main\AndroidManifest.xml:3:5-43
8        android:minSdkVersion="29"
8-->src\main\AndroidManifest.xml:3:15-41
9        android:targetSdkVersion="29" />
9-->src\main\AndroidManifest.xml:3:5-43
10
11    <uses-permission android:name="android.permission.INTERNET" />
11-->src\main\AndroidManifest.xml:4:5-66
11-->src\main\AndroidManifest.xml:4:22-64
12    <uses-permission android:name="android.permission.ACCESS_NETWORK_STATE" />
12-->src\main\AndroidManifest.xml:5:2-75
12-->src\main\AndroidManifest.xml:5:19-73
13
14    <application
14-->src\main\AndroidManifest.xml:7:5-18:19
15        android:allowBackup="true"
15-->src\main\AndroidManifest.xml:7:82-108
16        android:extractNativeLibs="false"
17        android:icon="@drawable/dicex"
17-->src\main\AndroidManifest.xml:7:51-81
18        android:label="@string/app_name" >
18-->src\main\AndroidManifest.xml:7:18-50
19        <meta-data
19-->src\main\AndroidManifest.xml:8:5-117
20            android:name="com.google.android.gms.version"
20-->src\main\AndroidManifest.xml:8:16-61
21            android:value="@integer/google_play_services_version" />
21-->src\main\AndroidManifest.xml:8:62-115
22
23        <activity
23-->src\main\AndroidManifest.xml:9:9-14:20
24            android:name="driod.dicex.DriodDiceXActivity"
24-->src\main\AndroidManifest.xml:9:52-85
25            android:configChanges="keyboardHidden|orientation"
25-->src\main\AndroidManifest.xml:9:86-136
26            android:label="@string/app_name" >
26-->src\main\AndroidManifest.xml:9:19-51
27            <intent-filter>
27-->src\main\AndroidManifest.xml:10:4-13:26
28                <action android:name="android.intent.action.MAIN" />
28-->src\main\AndroidManifest.xml:11:13-65
28-->src\main\AndroidManifest.xml:11:21-62
29
30                <category android:name="android.intent.category.LAUNCHER" />
30-->src\main\AndroidManifest.xml:12:13-73
30-->src\main\AndroidManifest.xml:12:23-70
31            </intent-filter>
32        </activity>
33        <activity
33-->src\main\AndroidManifest.xml:16:9-183
34            android:name="com.google.android.gms.ads.AdActivity"
34-->src\main\AndroidManifest.xml:16:19-71
35            android:configChanges="keyboard|keyboardHidden|orientation|screenLayout|uiMode|screenSize|smallestScreenSize"
35-->src\main\AndroidManifest.xml:16:72-181
36            android:exported="false"
36-->[com.google.android.gms:play-services-ads-lite:15.0.0] AndroidManifest.xml:32:13-37
37            android:theme="@android:style/Theme.Translucent" />
37-->[com.google.android.gms:play-services-ads-lite:15.0.0] AndroidManifest.xml:33:13-61
38
39        <meta-data
39-->[com.android.support:customtabs:26.1.0] AndroidManifest.xml:23:9-25:38
40            android:name="android.support.VERSION"
40-->[com.android.support:customtabs:26.1.0] AndroidManifest.xml:24:13-51
41            android:value="26.1.0" />
41-->[com.android.support:customtabs:26.1.0] AndroidManifest.xml:25:13-35
42        <meta-data
42-->[android.arch.lifecycle:runtime:1.0.0] AndroidManifest.xml:25:9-27:47
43            android:name="android.arch.lifecycle.VERSION"
43-->[android.arch.lifecycle:runtime:1.0.0] AndroidManifest.xml:26:13-58
44            android:value="27.0.0-SNAPSHOT" />
44-->[android.arch.lifecycle:runtime:1.0.0] AndroidManifest.xml:27:13-44
45    </application>
46
47</manifest>